# JRE version: OpenJDK Runtime Environment (8.0_152-b01) (build 1.8.0_152-release-915-b01)
# Java VM: OpenJDK 64-Bit Server VM (25.152-b01 mixed mode windows-amd64 compressed oops)
Heap:
 PSYoungGen      total 455680K, used 111767K [0x00000000e0000000, 0x0000000100000000, 0x0000000100000000)
  eden space 393216K, 27% used [0x00000000e0000000,0x00000000e68329c8,0x00000000f8000000)
  from space 62464K, 8% used [0x00000000f8000000,0x00000000f84f3610,0x00000000fbd00000)
  to   space 61952K, 0% used [0x00000000fc380000,0x00000000fc380000,0x0000000100000000)
 ParOldGen       total 272384K, used 184619K [0x00000000a0000000, 0x00000000b0a00000, 0x00000000e0000000)
  object space 272384K, 67% used [0x00000000a0000000,0x00000000ab44ac80,0x00000000b0a00000)
 Metaspace       used 100226K, capacity 108774K, committed 108888K, reserved 1142784K
  class space    used 12782K, capacity 14661K, committed 14720K, reserved 1048576K
GC Heap History (10 events):
Event: 849.322 GC heap before
{Heap before GC invocations=27 (full 4):
 PSYoungGen      total 461312K, used 444632K [0x00000000e0000000, 0x0000000100000000, 0x0000000100000000)
  eden space 405504K, 100% used [0x00000000e0000000,0x00000000f8c00000,0x00000000f8c00000)
  from space 55808K, 70% used [0x00000000fc600000,0x00000000fec36040,0x00000000ffc80000)
  to   space 59392K, 0% used [0x00000000f8c00000,0x00000000f8c00000,0x00000000fc600000)
 ParOldGen       total 272384K, used 179094K [0x00000000a0000000, 0x00000000b0a00000, 0x00000000e0000000)
  object space 272384K, 65% used [0x00000000a0000000,0x00000000aaee5b88,0x00000000b0a00000)
 Metaspace       used 97334K, capacity 105582K, committed 105944K, reserved 1140736K
  class space    used 12447K, capacity 14237K, committed 14336K, reserved 1048576K
Event: 849.361 GC heap after
Heap after GC invocations=27 (full 4):
 PSYoungGen      total 440320K, used 34521K [0x00000000e0000000, 0x0000000100000000, 0x0000000100000000)
  eden space 405504K, 0% used [0x00000000e0000000,0x00000000e0000000,0x00000000f8c00000)
  from space 34816K, 99% used [0x00000000f8c00000,0x00000000fadb6678,0x00000000fae00000)
  to   space 60416K, 0% used [0x00000000fc500000,0x00000000fc500000,0x0000000100000000)
 ParOldGen       total 272384K, used 181302K [0x00000000a0000000, 0x00000000b0a00000, 0x00000000e0000000)
  object space 272384K, 66% used [0x00000000a0000000,0x00000000ab10db98,0x00000000b0a00000)
 Metaspace       used 97334K, capacity 105582K, committed 105944K, reserved 1140736K
  class space    used 12447K, capacity 14237K, committed 14336K, reserved 1048576K
}
Event: 850.542 GC heap before
{Heap before GC invocations=28 (full 4):
 PSYoungGen      total 440320K, used 440025K [0x00000000e0000000, 0x0000000100000000, 0x0000000100000000)
  eden space 405504K, 100% used [0x00000000e0000000,0x00000000f8c00000,0x00000000f8c00000)
  from space 34816K, 99% used [0x00000000f8c00000,0x00000000fadb6678,0x00000000fae00000)
  to   space 60416K, 0% used [0x00000000fc500000,0x00000000fc500000,0x0000000100000000)
 ParOldGen       total 272384K, used 181302K [0x00000000a0000000, 0x00000000b0a00000, 0x00000000e0000000)
  object space 272384K, 66% used [0x00000000a0000000,0x00000000ab10db98,0x00000000b0a00000)
 Metaspace       used 97718K, capacity 105980K, committed 106200K, reserved 1140736K
  class space    used 12491K, capacity 14278K, committed 14336K, reserved 1048576K
Event: 850.581 GC heap after
Heap after GC invocations=28 (full 4):
 PSYoungGen      total 450560K, used 52091K [0x00000000e0000000, 0x0000000100000000, 0x0000000100000000)
  eden space 390144K, 0% used [0x00000000e0000000,0x00000000e0000000,0x00000000f7d00000)
  from space 60416K, 86% used [0x00000000fc500000,0x00000000ff7ded10,0x0000000100000000)
  to   space 67072K, 0% used [0x00000000f7d00000,0x00000000f7d00000,0x00000000fbe80000)
 ParOldGen       total 272384K, used 182926K [0x00000000a0000000, 0x00000000b0a00000, 0x00000000e0000000)
  object space 272384K, 67% used [0x00000000a0000000,0x00000000ab2a3b98,0x00000000b0a00000)
 Metaspace       used 97718K, capacity 105980K, committed 106200K, reserved 1140736K
  class space    used 12491K, capacity 14278K, committed 14336K, reserved 1048576K
}
Event: 851.821 GC heap before
{Heap before GC invocations=29 (full 4):
 PSYoungGen      total 450560K, used 442235K [0x00000000e0000000, 0x0000000100000000, 0x0000000100000000)
  eden space 390144K, 100% used [0x00000000e0000000,0x00000000f7d00000,0x00000000f7d00000)
  from space 60416K, 86% used [0x00000000fc500000,0x00000000ff7ded10,0x0000000100000000)
  to   space 67072K, 0% used [0x00000000f7d00000,0x00000000f7d00000,0x00000000fbe80000)
 ParOldGen       total 272384K, used 182926K [0x00000000a0000000, 0x00000000b0a00000, 0x00000000e0000000)
  object space 272384K, 67% used [0x00000000a0000000,0x00000000ab2a3b98,0x00000000b0a00000)
 Metaspace       used 98280K, capacity 106572K, committed 106840K, reserved 1142784K
  class space    used 12545K, capacity 14348K, committed 14464K, reserved 1048576K
Event: 851.832 GC heap after
Heap after GC invocations=29 (full 4):
 PSYoungGen      total 457216K, used 19399K [0x00000000e0000000, 0x0000000100000000, 0x0000000100000000)
  eden space 390144K, 0% used [0x00000000e0000000,0x00000000e0000000,0x00000000f7d00000)
  from space 67072K, 28% used [0x00000000f7d00000,0x00000000f8ff1cc8,0x00000000fbe80000)
  to   space 64000K, 0% used [0x00000000fc180000,0x00000000fc180000,0x0000000100000000)
 ParOldGen       total 272384K, used 183486K [0x00000000a0000000, 0x00000000b0a00000, 0x00000000e0000000)
  object space 272384K, 67% used [0x00000000a0000000,0x00000000ab32fb98,0x00000000b0a00000)
 Metaspace       used 98280K, capacity 106572K, committed 106840K, reserved 1142784K
  class space    used 12545K, capacity 14348K, committed 14464K, reserved 1048576K
}
Event: 857.117 GC heap before
{Heap before GC invocations=30 (full 4):
 PSYoungGen      total 457216K, used 409005K [0x00000000e0000000, 0x0000000100000000, 0x0000000100000000)
  eden space 390144K, 99% used [0x00000000e0000000,0x00000000f7c798f0,0x00000000f7d00000)
  from space 67072K, 28% used [0x00000000f7d00000,0x00000000f8ff1cc8,0x00000000fbe80000)
  to   space 64000K, 0% used [0x00000000fc180000,0x00000000fc180000,0x0000000100000000)
 ParOldGen       total 272384K, used 183486K [0x00000000a0000000, 0x00000000b0a00000, 0x00000000e0000000)
  object space 272384K, 67% used [0x00000000a0000000,0x00000000ab32fb98,0x00000000b0a00000)
 Metaspace       used 99213K, capacity 107518K, committed 107608K, reserved 1142784K
  class space    used 12647K, capacity 14461K, committed 14464K, reserved 1048576K
Event: 857.125 GC heap after
Heap after GC invocations=30 (full 4):
 PSYoungGen      total 451072K, used 12487K [0x00000000e0000000, 0x00000000ffa00000, 0x0000000100000000)
  eden space 393216K, 0% used [0x00000000e0000000,0x00000000e0000000,0x00000000f8000000)
  from space 57856K, 21% used [0x00000000fc180000,0x00000000fcdb1d30,0x00000000ffa00000)
  to   space 62464K, 0% used [0x00000000f8000000,0x00000000f8000000,0x00000000fbd00000)
 ParOldGen       total 272384K, used 184275K [0x00000000a0000000, 0x00000000b0a00000, 0x00000000e0000000)
  object space 272384K, 67% used [0x00000000a0000000,0x00000000ab3f4c60,0x00000000b0a00000)
 Metaspace       used 99213K, capacity 107518K, committed 107608K, reserved 1142784K
  class space    used 12647K, capacity 14461K, committed 14464K, reserved 1048576K
}
Event: 3616.881 GC heap before
{Heap before GC invocations=31 (full 4):
 PSYoungGen      total 451072K, used 405703K [0x00000000e0000000, 0x00000000ffa00000, 0x0000000100000000)
  eden space 393216K, 100% used [0x00000000e0000000,0x00000000f8000000,0x00000000f8000000)
  from space 57856K, 21% used [0x00000000fc180000,0x00000000fcdb1d30,0x00000000ffa00000)
  to   space 62464K, 0% used [0x00000000f8000000,0x00000000f8000000,0x00000000fbd00000)
 ParOldGen       total 272384K, used 184275K [0x00000000a0000000, 0x00000000b0a00000, 0x00000000e0000000)
  object space 272384K, 67% used [0x00000000a0000000,0x00000000ab3f4c60,0x00000000b0a00000)
 Metaspace       used 100062K, capacity 108570K, committed 108888K, reserved 1142784K
  class space    used 12775K, capacity 14649K, committed 14720K, reserved 1048576K
Event: 3616.898 GC heap after
Heap after GC invocations=31 (full 4):
 PSYoungGen      total 455680K, used 5069K [0x00000000e0000000, 0x0000000100000000, 0x0000000100000000)
  eden space 393216K, 0% used [0x00000000e0000000,0x00000000e0000000,0x00000000f8000000)
  from space 62464K, 8% used [0x00000000f8000000,0x00000000f84f3610,0x00000000fbd00000)
  to   space 61952K, 0% used [0x00000000fc380000,0x00000000fc380000,0x0000000100000000)
 ParOldGen       total 272384K, used 184619K [0x00000000a0000000, 0x00000000b0a00000, 0x00000000e0000000)
  object space 272384K, 67% used [0x00000000a0000000,0x00000000ab44ac80,0x00000000b0a00000)
 Metaspace       used 100062K, capacity 108570K, committed 108888K, reserved 1142784K
  class space    used 12775K, capacity 14649K, committed 14720K, reserved 1048576K
}

